[2026-01-21 11:44:04,627][__main__][INFO] - Configuration:
model:
  feature_dim: 64
  num_iterations: 5
  initial_heads: 4
  max_heads: 8
  head_increase_interval: 1000
  constraint_gamma: 1.0
  use_constraint_aware: true
  use_attention: true
  mlp_hidden_dim: 64
training:
  batch_size: 1
  max_epochs: 200
  lr: 0.001
  weight_decay: 0.0
  constraint_delta: 0.1
  gpus: 1
  precision: 32
  num_workers: 4
  gradient_clip_val: null
  early_stopping_patience: 20
  use_scheduler: true
  scheduler_factor: 0.5
  scheduler_patience: 10
data:
  name: satlib
  data_dir: ${paths.data_dir}/satlib
  categories:
  - rnd3sat
  - bms
  - cbs
  - gcp
  - sw_gcp
  min_instances_per_category: 100
  variable_range:
    min: 20
    max: 600
  total_instances: 46200
  split_ratio:
    train: 0.6
    val: 0.2
    test: 0.2
  seed: 42
  label_solver:
    name: dsharp
    timeout: 5000
  tree_decomposition:
    tool: flowcutter
    timeout: 300
  graph:
    feature_dim: 64
    use_join_graph: true
  root: data/satlib
seed: 42

[2026-01-21 11:44:06,451][data.datasets.satlib_dataset][INFO] - Category rnd3sat: 200 valid instances
[2026-01-21 11:44:06,451][data.datasets.satlib_dataset][WARNING] - Category bms not found in data\satlib\raw
[2026-01-21 11:44:06,451][data.datasets.satlib_dataset][WARNING] - Category cbs not found in data\satlib\raw
[2026-01-21 11:44:06,455][data.datasets.satlib_dataset][WARNING] - Category gcp not found in data\satlib\raw
[2026-01-21 11:44:06,456][data.datasets.satlib_dataset][WARNING] - Category sw_gcp not found in data\satlib\raw
[2026-01-21 11:44:06,456][data.datasets.satlib_dataset][INFO] - Processing 120 files for train split
[2026-01-21 11:44:06,466][data.preprocessing.tree_decomposition][WARNING] - FlowCutter not found at 'flow_cutter_pace17'. Using fallback heuristic decomposition.
[2026-01-21 11:44:06,495][data.preprocessing.tree_decomposition][WARNING] - FlowCutter not found at 'flow_cutter_pace17'. Using fallback heuristic decomposition.
[2026-01-21 11:44:06,518][data.preprocessing.tree_decomposition][WARNING] - FlowCutter not found at 'flow_cutter_pace17'. Using fallback heuristic decomposition.
[2026-01-21 11:44:06,533][data.preprocessing.tree_decomposition][WARNING] - FlowCutter not found at 'flow_cutter_pace17'. Using fallback heuristic decomposition.
[2026-01-21 11:44:06,552][data.preprocessing.tree_decomposition][WARNING] - FlowCutter not found at 'flow_cutter_pace17'. Using fallback heuristic decomposition.
[2026-01-21 11:44:06,570][data.preprocessing.tree_decomposition][WARNING] - FlowCutter not found at 'flow_cutter_pace17'. Using fallback heuristic decomposition.
[2026-01-21 11:44:06,595][data.preprocessing.tree_decomposition][WARNING] - FlowCutter not found at 'flow_cutter_pace17'. Using fallback heuristic decomposition.
[2026-01-21 11:44:06,609][data.preprocessing.tree_decomposition][WARNING] - FlowCutter not found at 'flow_cutter_pace17'. Using fallback heuristic decomposition.
[2026-01-21 11:44:06,619][data.preprocessing.tree_decomposition][WARNING] - FlowCutter not found at 'flow_cutter_pace17'. Using fallback heuristic decomposition.
[2026-01-21 11:44:06,640][data.preprocessing.tree_decomposition][WARNING] - FlowCutter not found at 'flow_cutter_pace17'. Using fallback heuristic decomposition.
[2026-01-21 11:44:06,665][data.preprocessing.tree_decomposition][WARNING] - FlowCutter not found at 'flow_cutter_pace17'. Using fallback heuristic decomposition.
[2026-01-21 11:44:06,688][data.preprocessing.tree_decomposition][WARNING] - FlowCutter not found at 'flow_cutter_pace17'. Using fallback heuristic decomposition.
[2026-01-21 11:44:06,703][data.preprocessing.tree_decomposition][WARNING] - FlowCutter not found at 'flow_cutter_pace17'. Using fallback heuristic decomposition.
[2026-01-21 11:44:06,715][data.preprocessing.tree_decomposition][WARNING] - FlowCutter not found at 'flow_cutter_pace17'. Using fallback heuristic decomposition.
[2026-01-21 11:44:06,734][data.preprocessing.tree_decomposition][WARNING] - FlowCutter not found at 'flow_cutter_pace17'. Using fallback heuristic decomposition.
[2026-01-21 11:44:06,745][data.preprocessing.tree_decomposition][WARNING] - FlowCutter not found at 'flow_cutter_pace17'. Using fallback heuristic decomposition.
[2026-01-21 11:44:06,760][data.preprocessing.tree_decomposition][WARNING] - FlowCutter not found at 'flow_cutter_pace17'. Using fallback heuristic decomposition.
[2026-01-21 11:44:06,777][data.preprocessing.tree_decomposition][WARNING] - FlowCutter not found at 'flow_cutter_pace17'. Using fallback heuristic decomposition.
[2026-01-21 11:44:06,787][data.preprocessing.tree_decomposition][WARNING] - FlowCutter not found at 'flow_cutter_pace17'. Using fallback heuristic decomposition.
[2026-01-21 11:44:06,810][data.preprocessing.tree_decomposition][WARNING] - FlowCutter not found at 'flow_cutter_pace17'. Using fallback heuristic decomposition.
[2026-01-21 11:44:06,833][data.preprocessing.tree_decomposition][WARNING] - FlowCutter not found at 'flow_cutter_pace17'. Using fallback heuristic decomposition.
[2026-01-21 11:44:06,857][data.preprocessing.tree_decomposition][WARNING] - FlowCutter not found at 'flow_cutter_pace17'. Using fallback heuristic decomposition.
[2026-01-21 11:44:06,880][data.preprocessing.tree_decomposition][WARNING] - FlowCutter not found at 'flow_cutter_pace17'. Using fallback heuristic decomposition.
[2026-01-21 11:44:06,901][data.preprocessing.tree_decomposition][WARNING] - FlowCutter not found at 'flow_cutter_pace17'. Using fallback heuristic decomposition.
[2026-01-21 11:44:06,919][data.preprocessing.tree_decomposition][WARNING] - FlowCutter not found at 'flow_cutter_pace17'. Using fallback heuristic decomposition.
[2026-01-21 11:44:06,943][data.preprocessing.tree_decomposition][WARNING] - FlowCutter not found at 'flow_cutter_pace17'. Using fallback heuristic decomposition.
[2026-01-21 11:44:06,965][data.preprocessing.tree_decomposition][WARNING] - FlowCutter not found at 'flow_cutter_pace17'. Using fallback heuristic decomposition.
[2026-01-21 11:44:06,986][data.preprocessing.tree_decomposition][WARNING] - FlowCutter not found at 'flow_cutter_pace17'. Using fallback heuristic decomposition.
[2026-01-21 11:44:07,001][data.preprocessing.tree_decomposition][WARNING] - FlowCutter not found at 'flow_cutter_pace17'. Using fallback heuristic decomposition.
[2026-01-21 11:44:07,020][data.preprocessing.tree_decomposition][WARNING] - FlowCutter not found at 'flow_cutter_pace17'. Using fallback heuristic decomposition.
[2026-01-21 11:44:07,042][data.preprocessing.tree_decomposition][WARNING] - FlowCutter not found at 'flow_cutter_pace17'. Using fallback heuristic decomposition.
[2026-01-21 11:44:07,065][data.preprocessing.tree_decomposition][WARNING] - FlowCutter not found at 'flow_cutter_pace17'. Using fallback heuristic decomposition.
[2026-01-21 11:44:07,092][data.preprocessing.tree_decomposition][WARNING] - FlowCutter not found at 'flow_cutter_pace17'. Using fallback heuristic decomposition.
[2026-01-21 11:44:07,118][data.preprocessing.tree_decomposition][WARNING] - FlowCutter not found at 'flow_cutter_pace17'. Using fallback heuristic decomposition.
[2026-01-21 11:44:07,139][data.preprocessing.tree_decomposition][WARNING] - FlowCutter not found at 'flow_cutter_pace17'. Using fallback heuristic decomposition.
[2026-01-21 11:44:07,160][data.preprocessing.tree_decomposition][WARNING] - FlowCutter not found at 'flow_cutter_pace17'. Using fallback heuristic decomposition.
[2026-01-21 11:44:07,183][data.preprocessing.tree_decomposition][WARNING] - FlowCutter not found at 'flow_cutter_pace17'. Using fallback heuristic decomposition.
[2026-01-21 11:44:07,196][data.preprocessing.tree_decomposition][WARNING] - FlowCutter not found at 'flow_cutter_pace17'. Using fallback heuristic decomposition.
[2026-01-21 11:44:07,219][data.preprocessing.tree_decomposition][WARNING] - FlowCutter not found at 'flow_cutter_pace17'. Using fallback heuristic decomposition.
[2026-01-21 11:44:07,230][data.preprocessing.tree_decomposition][WARNING] - FlowCutter not found at 'flow_cutter_pace17'. Using fallback heuristic decomposition.
[2026-01-21 11:44:07,244][data.preprocessing.tree_decomposition][WARNING] - FlowCutter not found at 'flow_cutter_pace17'. Using fallback heuristic decomposition.
[2026-01-21 11:44:07,257][data.preprocessing.tree_decomposition][WARNING] - FlowCutter not found at 'flow_cutter_pace17'. Using fallback heuristic decomposition.
[2026-01-21 11:44:07,279][data.preprocessing.tree_decomposition][WARNING] - FlowCutter not found at 'flow_cutter_pace17'. Using fallback heuristic decomposition.
[2026-01-21 11:44:07,304][data.preprocessing.tree_decomposition][WARNING] - FlowCutter not found at 'flow_cutter_pace17'. Using fallback heuristic decomposition.
[2026-01-21 11:44:07,325][data.preprocessing.tree_decomposition][WARNING] - FlowCutter not found at 'flow_cutter_pace17'. Using fallback heuristic decomposition.
[2026-01-21 11:44:07,339][data.preprocessing.tree_decomposition][WARNING] - FlowCutter not found at 'flow_cutter_pace17'. Using fallback heuristic decomposition.
[2026-01-21 11:44:07,349][data.preprocessing.tree_decomposition][WARNING] - FlowCutter not found at 'flow_cutter_pace17'. Using fallback heuristic decomposition.
[2026-01-21 11:44:07,365][data.preprocessing.tree_decomposition][WARNING] - FlowCutter not found at 'flow_cutter_pace17'. Using fallback heuristic decomposition.
[2026-01-21 11:44:07,384][data.preprocessing.tree_decomposition][WARNING] - FlowCutter not found at 'flow_cutter_pace17'. Using fallback heuristic decomposition.
[2026-01-21 11:44:07,404][data.preprocessing.tree_decomposition][WARNING] - FlowCutter not found at 'flow_cutter_pace17'. Using fallback heuristic decomposition.
[2026-01-21 11:44:07,422][data.preprocessing.tree_decomposition][WARNING] - FlowCutter not found at 'flow_cutter_pace17'. Using fallback heuristic decomposition.
[2026-01-21 11:44:07,442][data.preprocessing.tree_decomposition][WARNING] - FlowCutter not found at 'flow_cutter_pace17'. Using fallback heuristic decomposition.
[2026-01-21 11:44:07,460][data.preprocessing.tree_decomposition][WARNING] - FlowCutter not found at 'flow_cutter_pace17'. Using fallback heuristic decomposition.
[2026-01-21 11:44:07,488][data.preprocessing.tree_decomposition][WARNING] - FlowCutter not found at 'flow_cutter_pace17'. Using fallback heuristic decomposition.
[2026-01-21 11:44:07,510][data.preprocessing.tree_decomposition][WARNING] - FlowCutter not found at 'flow_cutter_pace17'. Using fallback heuristic decomposition.
[2026-01-21 11:44:07,530][data.preprocessing.tree_decomposition][WARNING] - FlowCutter not found at 'flow_cutter_pace17'. Using fallback heuristic decomposition.
[2026-01-21 11:44:07,552][data.preprocessing.tree_decomposition][WARNING] - FlowCutter not found at 'flow_cutter_pace17'. Using fallback heuristic decomposition.
[2026-01-21 11:44:07,563][data.preprocessing.tree_decomposition][WARNING] - FlowCutter not found at 'flow_cutter_pace17'. Using fallback heuristic decomposition.
[2026-01-21 11:44:07,583][data.preprocessing.tree_decomposition][WARNING] - FlowCutter not found at 'flow_cutter_pace17'. Using fallback heuristic decomposition.
[2026-01-21 11:44:07,607][data.preprocessing.tree_decomposition][WARNING] - FlowCutter not found at 'flow_cutter_pace17'. Using fallback heuristic decomposition.
[2026-01-21 11:44:07,629][data.preprocessing.tree_decomposition][WARNING] - FlowCutter not found at 'flow_cutter_pace17'. Using fallback heuristic decomposition.
[2026-01-21 11:44:07,645][data.preprocessing.tree_decomposition][WARNING] - FlowCutter not found at 'flow_cutter_pace17'. Using fallback heuristic decomposition.
[2026-01-21 11:44:07,660][data.preprocessing.tree_decomposition][WARNING] - FlowCutter not found at 'flow_cutter_pace17'. Using fallback heuristic decomposition.
[2026-01-21 11:44:07,675][data.preprocessing.tree_decomposition][WARNING] - FlowCutter not found at 'flow_cutter_pace17'. Using fallback heuristic decomposition.
[2026-01-21 11:44:07,687][data.preprocessing.tree_decomposition][WARNING] - FlowCutter not found at 'flow_cutter_pace17'. Using fallback heuristic decomposition.
[2026-01-21 11:44:07,710][data.preprocessing.tree_decomposition][WARNING] - FlowCutter not found at 'flow_cutter_pace17'. Using fallback heuristic decomposition.
[2026-01-21 11:44:07,725][data.preprocessing.tree_decomposition][WARNING] - FlowCutter not found at 'flow_cutter_pace17'. Using fallback heuristic decomposition.
[2026-01-21 11:44:07,737][data.preprocessing.tree_decomposition][WARNING] - FlowCutter not found at 'flow_cutter_pace17'. Using fallback heuristic decomposition.
[2026-01-21 11:44:07,763][data.preprocessing.tree_decomposition][WARNING] - FlowCutter not found at 'flow_cutter_pace17'. Using fallback heuristic decomposition.
[2026-01-21 11:44:07,774][data.preprocessing.tree_decomposition][WARNING] - FlowCutter not found at 'flow_cutter_pace17'. Using fallback heuristic decomposition.
[2026-01-21 11:44:07,795][data.preprocessing.tree_decomposition][WARNING] - FlowCutter not found at 'flow_cutter_pace17'. Using fallback heuristic decomposition.
[2026-01-21 11:44:07,811][data.preprocessing.tree_decomposition][WARNING] - FlowCutter not found at 'flow_cutter_pace17'. Using fallback heuristic decomposition.
[2026-01-21 11:44:07,830][data.preprocessing.tree_decomposition][WARNING] - FlowCutter not found at 'flow_cutter_pace17'. Using fallback heuristic decomposition.
[2026-01-21 11:44:07,845][data.preprocessing.tree_decomposition][WARNING] - FlowCutter not found at 'flow_cutter_pace17'. Using fallback heuristic decomposition.
[2026-01-21 11:44:07,856][data.preprocessing.tree_decomposition][WARNING] - FlowCutter not found at 'flow_cutter_pace17'. Using fallback heuristic decomposition.
[2026-01-21 11:44:07,880][data.preprocessing.tree_decomposition][WARNING] - FlowCutter not found at 'flow_cutter_pace17'. Using fallback heuristic decomposition.
[2026-01-21 11:44:07,899][data.preprocessing.tree_decomposition][WARNING] - FlowCutter not found at 'flow_cutter_pace17'. Using fallback heuristic decomposition.
[2026-01-21 11:44:07,934][data.preprocessing.tree_decomposition][WARNING] - FlowCutter not found at 'flow_cutter_pace17'. Using fallback heuristic decomposition.
[2026-01-21 11:44:07,958][data.preprocessing.tree_decomposition][WARNING] - FlowCutter not found at 'flow_cutter_pace17'. Using fallback heuristic decomposition.
[2026-01-21 11:44:07,980][data.preprocessing.tree_decomposition][WARNING] - FlowCutter not found at 'flow_cutter_pace17'. Using fallback heuristic decomposition.
[2026-01-21 11:44:08,008][data.preprocessing.tree_decomposition][WARNING] - FlowCutter not found at 'flow_cutter_pace17'. Using fallback heuristic decomposition.
[2026-01-21 11:44:08,030][data.preprocessing.tree_decomposition][WARNING] - FlowCutter not found at 'flow_cutter_pace17'. Using fallback heuristic decomposition.
[2026-01-21 11:44:08,055][data.preprocessing.tree_decomposition][WARNING] - FlowCutter not found at 'flow_cutter_pace17'. Using fallback heuristic decomposition.
[2026-01-21 11:44:08,073][data.preprocessing.tree_decomposition][WARNING] - FlowCutter not found at 'flow_cutter_pace17'. Using fallback heuristic decomposition.
[2026-01-21 11:44:08,095][data.preprocessing.tree_decomposition][WARNING] - FlowCutter not found at 'flow_cutter_pace17'. Using fallback heuristic decomposition.
[2026-01-21 11:44:08,120][data.preprocessing.tree_decomposition][WARNING] - FlowCutter not found at 'flow_cutter_pace17'. Using fallback heuristic decomposition.
[2026-01-21 11:44:08,146][data.preprocessing.tree_decomposition][WARNING] - FlowCutter not found at 'flow_cutter_pace17'. Using fallback heuristic decomposition.
[2026-01-21 11:44:08,165][data.preprocessing.tree_decomposition][WARNING] - FlowCutter not found at 'flow_cutter_pace17'. Using fallback heuristic decomposition.
[2026-01-21 11:44:08,187][data.preprocessing.tree_decomposition][WARNING] - FlowCutter not found at 'flow_cutter_pace17'. Using fallback heuristic decomposition.
[2026-01-21 11:44:08,206][data.preprocessing.tree_decomposition][WARNING] - FlowCutter not found at 'flow_cutter_pace17'. Using fallback heuristic decomposition.
[2026-01-21 11:44:08,225][data.preprocessing.tree_decomposition][WARNING] - FlowCutter not found at 'flow_cutter_pace17'. Using fallback heuristic decomposition.
[2026-01-21 11:44:08,245][data.preprocessing.tree_decomposition][WARNING] - FlowCutter not found at 'flow_cutter_pace17'. Using fallback heuristic decomposition.
[2026-01-21 11:44:08,269][data.preprocessing.tree_decomposition][WARNING] - FlowCutter not found at 'flow_cutter_pace17'. Using fallback heuristic decomposition.
[2026-01-21 11:44:08,290][data.preprocessing.tree_decomposition][WARNING] - FlowCutter not found at 'flow_cutter_pace17'. Using fallback heuristic decomposition.
[2026-01-21 11:44:08,310][data.preprocessing.tree_decomposition][WARNING] - FlowCutter not found at 'flow_cutter_pace17'. Using fallback heuristic decomposition.
[2026-01-21 11:44:08,333][data.preprocessing.tree_decomposition][WARNING] - FlowCutter not found at 'flow_cutter_pace17'. Using fallback heuristic decomposition.
[2026-01-21 11:44:08,357][data.preprocessing.tree_decomposition][WARNING] - FlowCutter not found at 'flow_cutter_pace17'. Using fallback heuristic decomposition.
[2026-01-21 11:44:08,380][data.preprocessing.tree_decomposition][WARNING] - FlowCutter not found at 'flow_cutter_pace17'. Using fallback heuristic decomposition.
[2026-01-21 11:44:08,395][data.preprocessing.tree_decomposition][WARNING] - FlowCutter not found at 'flow_cutter_pace17'. Using fallback heuristic decomposition.
[2026-01-21 11:44:08,414][data.preprocessing.tree_decomposition][WARNING] - FlowCutter not found at 'flow_cutter_pace17'. Using fallback heuristic decomposition.
[2026-01-21 11:44:08,433][data.preprocessing.tree_decomposition][WARNING] - FlowCutter not found at 'flow_cutter_pace17'. Using fallback heuristic decomposition.
[2026-01-21 11:44:08,457][data.preprocessing.tree_decomposition][WARNING] - FlowCutter not found at 'flow_cutter_pace17'. Using fallback heuristic decomposition.
[2026-01-21 11:44:08,480][data.preprocessing.tree_decomposition][WARNING] - FlowCutter not found at 'flow_cutter_pace17'. Using fallback heuristic decomposition.
[2026-01-21 11:44:08,499][data.preprocessing.tree_decomposition][WARNING] - FlowCutter not found at 'flow_cutter_pace17'. Using fallback heuristic decomposition.
[2026-01-21 11:44:08,528][data.preprocessing.tree_decomposition][WARNING] - FlowCutter not found at 'flow_cutter_pace17'. Using fallback heuristic decomposition.
[2026-01-21 11:44:08,551][data.preprocessing.tree_decomposition][WARNING] - FlowCutter not found at 'flow_cutter_pace17'. Using fallback heuristic decomposition.
[2026-01-21 11:44:08,571][data.preprocessing.tree_decomposition][WARNING] - FlowCutter not found at 'flow_cutter_pace17'. Using fallback heuristic decomposition.
[2026-01-21 11:44:08,591][data.preprocessing.tree_decomposition][WARNING] - FlowCutter not found at 'flow_cutter_pace17'. Using fallback heuristic decomposition.
[2026-01-21 11:44:08,605][data.preprocessing.tree_decomposition][WARNING] - FlowCutter not found at 'flow_cutter_pace17'. Using fallback heuristic decomposition.
[2026-01-21 11:44:08,627][data.preprocessing.tree_decomposition][WARNING] - FlowCutter not found at 'flow_cutter_pace17'. Using fallback heuristic decomposition.
[2026-01-21 11:44:08,651][data.preprocessing.tree_decomposition][WARNING] - FlowCutter not found at 'flow_cutter_pace17'. Using fallback heuristic decomposition.
[2026-01-21 11:44:08,679][data.preprocessing.tree_decomposition][WARNING] - FlowCutter not found at 'flow_cutter_pace17'. Using fallback heuristic decomposition.
[2026-01-21 11:44:08,699][data.preprocessing.tree_decomposition][WARNING] - FlowCutter not found at 'flow_cutter_pace17'. Using fallback heuristic decomposition.
[2026-01-21 11:44:08,725][data.preprocessing.tree_decomposition][WARNING] - FlowCutter not found at 'flow_cutter_pace17'. Using fallback heuristic decomposition.
[2026-01-21 11:44:08,745][data.preprocessing.tree_decomposition][WARNING] - FlowCutter not found at 'flow_cutter_pace17'. Using fallback heuristic decomposition.
[2026-01-21 11:44:08,763][data.preprocessing.tree_decomposition][WARNING] - FlowCutter not found at 'flow_cutter_pace17'. Using fallback heuristic decomposition.
[2026-01-21 11:44:08,775][data.preprocessing.tree_decomposition][WARNING] - FlowCutter not found at 'flow_cutter_pace17'. Using fallback heuristic decomposition.
[2026-01-21 11:44:08,787][data.preprocessing.tree_decomposition][WARNING] - FlowCutter not found at 'flow_cutter_pace17'. Using fallback heuristic decomposition.
[2026-01-21 11:44:08,810][data.preprocessing.tree_decomposition][WARNING] - FlowCutter not found at 'flow_cutter_pace17'. Using fallback heuristic decomposition.
[2026-01-21 11:44:08,833][data.preprocessing.tree_decomposition][WARNING] - FlowCutter not found at 'flow_cutter_pace17'. Using fallback heuristic decomposition.
[2026-01-21 11:44:09,976][data.datasets.satlib_dataset][INFO] - Category rnd3sat: 200 valid instances
[2026-01-21 11:44:09,979][data.datasets.satlib_dataset][WARNING] - Category bms not found in data\satlib\raw
[2026-01-21 11:44:09,980][data.datasets.satlib_dataset][WARNING] - Category cbs not found in data\satlib\raw
[2026-01-21 11:44:09,980][data.datasets.satlib_dataset][WARNING] - Category gcp not found in data\satlib\raw
[2026-01-21 11:44:09,980][data.datasets.satlib_dataset][WARNING] - Category sw_gcp not found in data\satlib\raw
[2026-01-21 11:44:09,980][data.datasets.satlib_dataset][INFO] - Processing 40 files for val split
[2026-01-21 11:44:09,999][data.preprocessing.tree_decomposition][WARNING] - FlowCutter not found at 'flow_cutter_pace17'. Using fallback heuristic decomposition.
[2026-01-21 11:44:10,011][data.preprocessing.tree_decomposition][WARNING] - FlowCutter not found at 'flow_cutter_pace17'. Using fallback heuristic decomposition.
[2026-01-21 11:44:10,027][data.preprocessing.tree_decomposition][WARNING] - FlowCutter not found at 'flow_cutter_pace17'. Using fallback heuristic decomposition.
[2026-01-21 11:44:10,047][data.preprocessing.tree_decomposition][WARNING] - FlowCutter not found at 'flow_cutter_pace17'. Using fallback heuristic decomposition.
[2026-01-21 11:44:10,058][data.preprocessing.tree_decomposition][WARNING] - FlowCutter not found at 'flow_cutter_pace17'. Using fallback heuristic decomposition.
[2026-01-21 11:44:10,077][data.preprocessing.tree_decomposition][WARNING] - FlowCutter not found at 'flow_cutter_pace17'. Using fallback heuristic decomposition.
[2026-01-21 11:44:10,097][data.preprocessing.tree_decomposition][WARNING] - FlowCutter not found at 'flow_cutter_pace17'. Using fallback heuristic decomposition.
[2026-01-21 11:44:10,124][data.preprocessing.tree_decomposition][WARNING] - FlowCutter not found at 'flow_cutter_pace17'. Using fallback heuristic decomposition.
[2026-01-21 11:44:10,145][data.preprocessing.tree_decomposition][WARNING] - FlowCutter not found at 'flow_cutter_pace17'. Using fallback heuristic decomposition.
[2026-01-21 11:44:10,186][data.preprocessing.tree_decomposition][WARNING] - FlowCutter not found at 'flow_cutter_pace17'. Using fallback heuristic decomposition.
[2026-01-21 11:44:10,213][data.preprocessing.tree_decomposition][WARNING] - FlowCutter not found at 'flow_cutter_pace17'. Using fallback heuristic decomposition.
[2026-01-21 11:44:10,232][data.preprocessing.tree_decomposition][WARNING] - FlowCutter not found at 'flow_cutter_pace17'. Using fallback heuristic decomposition.
[2026-01-21 11:44:10,251][data.preprocessing.tree_decomposition][WARNING] - FlowCutter not found at 'flow_cutter_pace17'. Using fallback heuristic decomposition.
[2026-01-21 11:44:10,274][data.preprocessing.tree_decomposition][WARNING] - FlowCutter not found at 'flow_cutter_pace17'. Using fallback heuristic decomposition.
[2026-01-21 11:44:10,285][data.preprocessing.tree_decomposition][WARNING] - FlowCutter not found at 'flow_cutter_pace17'. Using fallback heuristic decomposition.
[2026-01-21 11:44:10,306][data.preprocessing.tree_decomposition][WARNING] - FlowCutter not found at 'flow_cutter_pace17'. Using fallback heuristic decomposition.
[2026-01-21 11:44:10,326][data.preprocessing.tree_decomposition][WARNING] - FlowCutter not found at 'flow_cutter_pace17'. Using fallback heuristic decomposition.
[2026-01-21 11:44:10,349][data.preprocessing.tree_decomposition][WARNING] - FlowCutter not found at 'flow_cutter_pace17'. Using fallback heuristic decomposition.
[2026-01-21 11:44:10,360][data.preprocessing.tree_decomposition][WARNING] - FlowCutter not found at 'flow_cutter_pace17'. Using fallback heuristic decomposition.
[2026-01-21 11:44:10,386][data.preprocessing.tree_decomposition][WARNING] - FlowCutter not found at 'flow_cutter_pace17'. Using fallback heuristic decomposition.
[2026-01-21 11:44:10,410][data.preprocessing.tree_decomposition][WARNING] - FlowCutter not found at 'flow_cutter_pace17'. Using fallback heuristic decomposition.
[2026-01-21 11:44:10,420][data.preprocessing.tree_decomposition][WARNING] - FlowCutter not found at 'flow_cutter_pace17'. Using fallback heuristic decomposition.
[2026-01-21 11:44:10,442][data.preprocessing.tree_decomposition][WARNING] - FlowCutter not found at 'flow_cutter_pace17'. Using fallback heuristic decomposition.
[2026-01-21 11:44:10,464][data.preprocessing.tree_decomposition][WARNING] - FlowCutter not found at 'flow_cutter_pace17'. Using fallback heuristic decomposition.
[2026-01-21 11:44:10,480][data.preprocessing.tree_decomposition][WARNING] - FlowCutter not found at 'flow_cutter_pace17'. Using fallback heuristic decomposition.
[2026-01-21 11:44:10,504][data.preprocessing.tree_decomposition][WARNING] - FlowCutter not found at 'flow_cutter_pace17'. Using fallback heuristic decomposition.
[2026-01-21 11:44:10,528][data.preprocessing.tree_decomposition][WARNING] - FlowCutter not found at 'flow_cutter_pace17'. Using fallback heuristic decomposition.
[2026-01-21 11:44:10,546][data.preprocessing.tree_decomposition][WARNING] - FlowCutter not found at 'flow_cutter_pace17'. Using fallback heuristic decomposition.
[2026-01-21 11:44:10,560][data.preprocessing.tree_decomposition][WARNING] - FlowCutter not found at 'flow_cutter_pace17'. Using fallback heuristic decomposition.
[2026-01-21 11:44:10,580][data.preprocessing.tree_decomposition][WARNING] - FlowCutter not found at 'flow_cutter_pace17'. Using fallback heuristic decomposition.
[2026-01-21 11:44:10,599][data.preprocessing.tree_decomposition][WARNING] - FlowCutter not found at 'flow_cutter_pace17'. Using fallback heuristic decomposition.
[2026-01-21 11:44:10,626][data.preprocessing.tree_decomposition][WARNING] - FlowCutter not found at 'flow_cutter_pace17'. Using fallback heuristic decomposition.
[2026-01-21 11:44:10,646][data.preprocessing.tree_decomposition][WARNING] - FlowCutter not found at 'flow_cutter_pace17'. Using fallback heuristic decomposition.
[2026-01-21 11:44:10,670][data.preprocessing.tree_decomposition][WARNING] - FlowCutter not found at 'flow_cutter_pace17'. Using fallback heuristic decomposition.
[2026-01-21 11:44:10,694][data.preprocessing.tree_decomposition][WARNING] - FlowCutter not found at 'flow_cutter_pace17'. Using fallback heuristic decomposition.
[2026-01-21 11:44:10,701][data.preprocessing.tree_decomposition][WARNING] - FlowCutter not found at 'flow_cutter_pace17'. Using fallback heuristic decomposition.
[2026-01-21 11:44:10,724][data.preprocessing.tree_decomposition][WARNING] - FlowCutter not found at 'flow_cutter_pace17'. Using fallback heuristic decomposition.
[2026-01-21 11:44:10,749][data.preprocessing.tree_decomposition][WARNING] - FlowCutter not found at 'flow_cutter_pace17'. Using fallback heuristic decomposition.
[2026-01-21 11:44:10,763][data.preprocessing.tree_decomposition][WARNING] - FlowCutter not found at 'flow_cutter_pace17'. Using fallback heuristic decomposition.
[2026-01-21 11:44:10,783][data.preprocessing.tree_decomposition][WARNING] - FlowCutter not found at 'flow_cutter_pace17'. Using fallback heuristic decomposition.
[2026-01-21 11:44:11,838][data.datasets.satlib_dataset][INFO] - Category rnd3sat: 200 valid instances
[2026-01-21 11:44:11,839][data.datasets.satlib_dataset][WARNING] - Category bms not found in data\satlib\raw
[2026-01-21 11:44:11,840][data.datasets.satlib_dataset][WARNING] - Category cbs not found in data\satlib\raw
[2026-01-21 11:44:11,841][data.datasets.satlib_dataset][WARNING] - Category gcp not found in data\satlib\raw
[2026-01-21 11:44:11,842][data.datasets.satlib_dataset][WARNING] - Category sw_gcp not found in data\satlib\raw
[2026-01-21 11:44:11,842][data.datasets.satlib_dataset][INFO] - Processing 40 files for test split
[2026-01-21 11:44:11,859][data.preprocessing.tree_decomposition][WARNING] - FlowCutter not found at 'flow_cutter_pace17'. Using fallback heuristic decomposition.
[2026-01-21 11:44:11,889][data.preprocessing.tree_decomposition][WARNING] - FlowCutter not found at 'flow_cutter_pace17'. Using fallback heuristic decomposition.
[2026-01-21 11:44:11,913][data.preprocessing.tree_decomposition][WARNING] - FlowCutter not found at 'flow_cutter_pace17'. Using fallback heuristic decomposition.
[2026-01-21 11:44:11,929][data.preprocessing.tree_decomposition][WARNING] - FlowCutter not found at 'flow_cutter_pace17'. Using fallback heuristic decomposition.
[2026-01-21 11:44:11,949][data.preprocessing.tree_decomposition][WARNING] - FlowCutter not found at 'flow_cutter_pace17'. Using fallback heuristic decomposition.
[2026-01-21 11:44:11,963][data.preprocessing.tree_decomposition][WARNING] - FlowCutter not found at 'flow_cutter_pace17'. Using fallback heuristic decomposition.
[2026-01-21 11:44:11,985][data.preprocessing.tree_decomposition][WARNING] - FlowCutter not found at 'flow_cutter_pace17'. Using fallback heuristic decomposition.
[2026-01-21 11:44:12,010][data.preprocessing.tree_decomposition][WARNING] - FlowCutter not found at 'flow_cutter_pace17'. Using fallback heuristic decomposition.
[2026-01-21 11:44:12,034][data.preprocessing.tree_decomposition][WARNING] - FlowCutter not found at 'flow_cutter_pace17'. Using fallback heuristic decomposition.
[2026-01-21 11:44:12,045][data.preprocessing.tree_decomposition][WARNING] - FlowCutter not found at 'flow_cutter_pace17'. Using fallback heuristic decomposition.
[2026-01-21 11:44:12,072][data.preprocessing.tree_decomposition][WARNING] - FlowCutter not found at 'flow_cutter_pace17'. Using fallback heuristic decomposition.
[2026-01-21 11:44:12,092][data.preprocessing.tree_decomposition][WARNING] - FlowCutter not found at 'flow_cutter_pace17'. Using fallback heuristic decomposition.
[2026-01-21 11:44:12,112][data.preprocessing.tree_decomposition][WARNING] - FlowCutter not found at 'flow_cutter_pace17'. Using fallback heuristic decomposition.
[2026-01-21 11:44:12,135][data.preprocessing.tree_decomposition][WARNING] - FlowCutter not found at 'flow_cutter_pace17'. Using fallback heuristic decomposition.
[2026-01-21 11:44:12,160][data.preprocessing.tree_decomposition][WARNING] - FlowCutter not found at 'flow_cutter_pace17'. Using fallback heuristic decomposition.
[2026-01-21 11:44:12,185][data.preprocessing.tree_decomposition][WARNING] - FlowCutter not found at 'flow_cutter_pace17'. Using fallback heuristic decomposition.
[2026-01-21 11:44:12,210][data.preprocessing.tree_decomposition][WARNING] - FlowCutter not found at 'flow_cutter_pace17'. Using fallback heuristic decomposition.
[2026-01-21 11:44:12,235][data.preprocessing.tree_decomposition][WARNING] - FlowCutter not found at 'flow_cutter_pace17'. Using fallback heuristic decomposition.
[2026-01-21 11:44:12,264][data.preprocessing.tree_decomposition][WARNING] - FlowCutter not found at 'flow_cutter_pace17'. Using fallback heuristic decomposition.
[2026-01-21 11:44:12,290][data.preprocessing.tree_decomposition][WARNING] - FlowCutter not found at 'flow_cutter_pace17'. Using fallback heuristic decomposition.
[2026-01-21 11:44:12,311][data.preprocessing.tree_decomposition][WARNING] - FlowCutter not found at 'flow_cutter_pace17'. Using fallback heuristic decomposition.
[2026-01-21 11:44:12,334][data.preprocessing.tree_decomposition][WARNING] - FlowCutter not found at 'flow_cutter_pace17'. Using fallback heuristic decomposition.
[2026-01-21 11:44:12,349][data.preprocessing.tree_decomposition][WARNING] - FlowCutter not found at 'flow_cutter_pace17'. Using fallback heuristic decomposition.
[2026-01-21 11:44:12,371][data.preprocessing.tree_decomposition][WARNING] - FlowCutter not found at 'flow_cutter_pace17'. Using fallback heuristic decomposition.
[2026-01-21 11:44:12,396][data.preprocessing.tree_decomposition][WARNING] - FlowCutter not found at 'flow_cutter_pace17'. Using fallback heuristic decomposition.
[2026-01-21 11:44:12,410][data.preprocessing.tree_decomposition][WARNING] - FlowCutter not found at 'flow_cutter_pace17'. Using fallback heuristic decomposition.
[2026-01-21 11:44:12,433][data.preprocessing.tree_decomposition][WARNING] - FlowCutter not found at 'flow_cutter_pace17'. Using fallback heuristic decomposition.
[2026-01-21 11:44:12,457][data.preprocessing.tree_decomposition][WARNING] - FlowCutter not found at 'flow_cutter_pace17'. Using fallback heuristic decomposition.
[2026-01-21 11:44:12,472][data.preprocessing.tree_decomposition][WARNING] - FlowCutter not found at 'flow_cutter_pace17'. Using fallback heuristic decomposition.
[2026-01-21 11:44:12,496][data.preprocessing.tree_decomposition][WARNING] - FlowCutter not found at 'flow_cutter_pace17'. Using fallback heuristic decomposition.
[2026-01-21 11:44:12,516][data.preprocessing.tree_decomposition][WARNING] - FlowCutter not found at 'flow_cutter_pace17'. Using fallback heuristic decomposition.
[2026-01-21 11:44:12,535][data.preprocessing.tree_decomposition][WARNING] - FlowCutter not found at 'flow_cutter_pace17'. Using fallback heuristic decomposition.
[2026-01-21 11:44:12,557][data.preprocessing.tree_decomposition][WARNING] - FlowCutter not found at 'flow_cutter_pace17'. Using fallback heuristic decomposition.
[2026-01-21 11:44:12,577][data.preprocessing.tree_decomposition][WARNING] - FlowCutter not found at 'flow_cutter_pace17'. Using fallback heuristic decomposition.
[2026-01-21 11:44:12,601][data.preprocessing.tree_decomposition][WARNING] - FlowCutter not found at 'flow_cutter_pace17'. Using fallback heuristic decomposition.
[2026-01-21 11:44:12,622][data.preprocessing.tree_decomposition][WARNING] - FlowCutter not found at 'flow_cutter_pace17'. Using fallback heuristic decomposition.
[2026-01-21 11:44:12,646][data.preprocessing.tree_decomposition][WARNING] - FlowCutter not found at 'flow_cutter_pace17'. Using fallback heuristic decomposition.
[2026-01-21 11:44:12,667][data.preprocessing.tree_decomposition][WARNING] - FlowCutter not found at 'flow_cutter_pace17'. Using fallback heuristic decomposition.
[2026-01-21 11:44:12,684][data.preprocessing.tree_decomposition][WARNING] - FlowCutter not found at 'flow_cutter_pace17'. Using fallback heuristic decomposition.
[2026-01-21 11:44:12,710][data.preprocessing.tree_decomposition][WARNING] - FlowCutter not found at 'flow_cutter_pace17'. Using fallback heuristic decomposition.
[2026-01-21 11:44:12,801][__main__][INFO] - Dataset sizes - Train: 120, Val: 40, Test: 40
