[2026-01-21 14:25:00,920][__main__][INFO] - Configuration:
model:
  feature_dim: 64
  num_iterations: 5
  initial_heads: 4
  max_heads: 8
  head_increase_interval: 1000
  constraint_gamma: 1.0
  use_constraint_aware: true
  use_attention: false
  mlp_hidden_dim: 64
training:
  batch_size: 1
  max_epochs: 200
  lr: 0.001
  weight_decay: 0.0
  constraint_delta: 0.1
  gpus: 1
  precision: 32
  num_workers: 4
  gradient_clip_val: null
  early_stopping_patience: 20
  use_scheduler: true
  scheduler_factor: 0.5
  scheduler_patience: 10
data:
  name: satlib
  data_dir: ${paths.data_dir}/satlib
  categories:
  - rnd3sat
  - bms
  - cbs
  - gcp
  - sw_gcp
  min_instances_per_category: 100
  variable_range:
    min: 20
    max: 600
  total_instances: 46200
  split_ratio:
    train: 0.6
    val: 0.2
    test: 0.2
  seed: 42
  label_solver:
    name: dsharp
    timeout: 5000
  tree_decomposition:
    tool: flowcutter
    timeout: 300
  graph:
    feature_dim: 64
    use_join_graph: true
  root: data/satlib
seed: 42

[2026-01-21 14:25:01,873][data.datasets.satlib_dataset][INFO] - Category rnd3sat: 200 valid instances
[2026-01-21 14:25:01,876][data.datasets.satlib_dataset][WARNING] - Category bms not found in data\satlib\raw
[2026-01-21 14:25:01,877][data.datasets.satlib_dataset][WARNING] - Category cbs not found in data\satlib\raw
[2026-01-21 14:25:01,878][data.datasets.satlib_dataset][WARNING] - Category gcp not found in data\satlib\raw
[2026-01-21 14:25:01,880][data.datasets.satlib_dataset][WARNING] - Category sw_gcp not found in data\satlib\raw
[2026-01-21 14:25:01,880][data.datasets.satlib_dataset][INFO] - Processing 120 files for train split
[2026-01-21 14:25:01,901][data.preprocessing.tree_decomposition][WARNING] - FlowCutter not found at 'flow_cutter_pace17'. Using fallback heuristic decomposition.
[2026-01-21 14:25:01,932][data.preprocessing.tree_decomposition][WARNING] - FlowCutter not found at 'flow_cutter_pace17'. Using fallback heuristic decomposition.
[2026-01-21 14:25:01,952][data.preprocessing.tree_decomposition][WARNING] - FlowCutter not found at 'flow_cutter_pace17'. Using fallback heuristic decomposition.
[2026-01-21 14:25:01,975][data.preprocessing.tree_decomposition][WARNING] - FlowCutter not found at 'flow_cutter_pace17'. Using fallback heuristic decomposition.
[2026-01-21 14:25:01,994][data.preprocessing.tree_decomposition][WARNING] - FlowCutter not found at 'flow_cutter_pace17'. Using fallback heuristic decomposition.
[2026-01-21 14:25:02,004][data.preprocessing.tree_decomposition][WARNING] - FlowCutter not found at 'flow_cutter_pace17'. Using fallback heuristic decomposition.
[2026-01-21 14:25:02,019][data.preprocessing.tree_decomposition][WARNING] - FlowCutter not found at 'flow_cutter_pace17'. Using fallback heuristic decomposition.
[2026-01-21 14:25:02,039][data.preprocessing.tree_decomposition][WARNING] - FlowCutter not found at 'flow_cutter_pace17'. Using fallback heuristic decomposition.
[2026-01-21 14:25:02,055][data.preprocessing.tree_decomposition][WARNING] - FlowCutter not found at 'flow_cutter_pace17'. Using fallback heuristic decomposition.
[2026-01-21 14:25:02,082][data.preprocessing.tree_decomposition][WARNING] - FlowCutter not found at 'flow_cutter_pace17'. Using fallback heuristic decomposition.
[2026-01-21 14:25:02,112][data.preprocessing.tree_decomposition][WARNING] - FlowCutter not found at 'flow_cutter_pace17'. Using fallback heuristic decomposition.
[2026-01-21 14:25:02,139][data.preprocessing.tree_decomposition][WARNING] - FlowCutter not found at 'flow_cutter_pace17'. Using fallback heuristic decomposition.
[2026-01-21 14:25:02,168][data.preprocessing.tree_decomposition][WARNING] - FlowCutter not found at 'flow_cutter_pace17'. Using fallback heuristic decomposition.
[2026-01-21 14:25:02,190][data.preprocessing.tree_decomposition][WARNING] - FlowCutter not found at 'flow_cutter_pace17'. Using fallback heuristic decomposition.
[2026-01-21 14:25:02,215][data.preprocessing.tree_decomposition][WARNING] - FlowCutter not found at 'flow_cutter_pace17'. Using fallback heuristic decomposition.
[2026-01-21 14:25:02,240][data.preprocessing.tree_decomposition][WARNING] - FlowCutter not found at 'flow_cutter_pace17'. Using fallback heuristic decomposition.
[2026-01-21 14:25:02,270][data.preprocessing.tree_decomposition][WARNING] - FlowCutter not found at 'flow_cutter_pace17'. Using fallback heuristic decomposition.
[2026-01-21 14:25:02,296][data.preprocessing.tree_decomposition][WARNING] - FlowCutter not found at 'flow_cutter_pace17'. Using fallback heuristic decomposition.
[2026-01-21 14:25:02,319][data.preprocessing.tree_decomposition][WARNING] - FlowCutter not found at 'flow_cutter_pace17'. Using fallback heuristic decomposition.
[2026-01-21 14:25:02,346][data.preprocessing.tree_decomposition][WARNING] - FlowCutter not found at 'flow_cutter_pace17'. Using fallback heuristic decomposition.
[2026-01-21 14:25:02,366][data.preprocessing.tree_decomposition][WARNING] - FlowCutter not found at 'flow_cutter_pace17'. Using fallback heuristic decomposition.
[2026-01-21 14:25:02,392][data.preprocessing.tree_decomposition][WARNING] - FlowCutter not found at 'flow_cutter_pace17'. Using fallback heuristic decomposition.
[2026-01-21 14:25:02,421][data.preprocessing.tree_decomposition][WARNING] - FlowCutter not found at 'flow_cutter_pace17'. Using fallback heuristic decomposition.
[2026-01-21 14:25:02,449][data.preprocessing.tree_decomposition][WARNING] - FlowCutter not found at 'flow_cutter_pace17'. Using fallback heuristic decomposition.
[2026-01-21 14:25:02,476][data.preprocessing.tree_decomposition][WARNING] - FlowCutter not found at 'flow_cutter_pace17'. Using fallback heuristic decomposition.
[2026-01-21 14:25:02,510][data.preprocessing.tree_decomposition][WARNING] - FlowCutter not found at 'flow_cutter_pace17'. Using fallback heuristic decomposition.
[2026-01-21 14:25:02,535][data.preprocessing.tree_decomposition][WARNING] - FlowCutter not found at 'flow_cutter_pace17'. Using fallback heuristic decomposition.
[2026-01-21 14:25:02,549][data.preprocessing.tree_decomposition][WARNING] - FlowCutter not found at 'flow_cutter_pace17'. Using fallback heuristic decomposition.
[2026-01-21 14:25:02,570][data.preprocessing.tree_decomposition][WARNING] - FlowCutter not found at 'flow_cutter_pace17'. Using fallback heuristic decomposition.
[2026-01-21 14:25:02,589][data.preprocessing.tree_decomposition][WARNING] - FlowCutter not found at 'flow_cutter_pace17'. Using fallback heuristic decomposition.
[2026-01-21 14:25:02,612][data.preprocessing.tree_decomposition][WARNING] - FlowCutter not found at 'flow_cutter_pace17'. Using fallback heuristic decomposition.
[2026-01-21 14:25:02,635][data.preprocessing.tree_decomposition][WARNING] - FlowCutter not found at 'flow_cutter_pace17'. Using fallback heuristic decomposition.
[2026-01-21 14:25:02,665][data.preprocessing.tree_decomposition][WARNING] - FlowCutter not found at 'flow_cutter_pace17'. Using fallback heuristic decomposition.
[2026-01-21 14:25:02,691][data.preprocessing.tree_decomposition][WARNING] - FlowCutter not found at 'flow_cutter_pace17'. Using fallback heuristic decomposition.
[2026-01-21 14:25:02,711][data.preprocessing.tree_decomposition][WARNING] - FlowCutter not found at 'flow_cutter_pace17'. Using fallback heuristic decomposition.
[2026-01-21 14:25:02,737][data.preprocessing.tree_decomposition][WARNING] - FlowCutter not found at 'flow_cutter_pace17'. Using fallback heuristic decomposition.
[2026-01-21 14:25:02,758][data.preprocessing.tree_decomposition][WARNING] - FlowCutter not found at 'flow_cutter_pace17'. Using fallback heuristic decomposition.
[2026-01-21 14:25:02,780][data.preprocessing.tree_decomposition][WARNING] - FlowCutter not found at 'flow_cutter_pace17'. Using fallback heuristic decomposition.
[2026-01-21 14:25:02,789][data.preprocessing.tree_decomposition][WARNING] - FlowCutter not found at 'flow_cutter_pace17'. Using fallback heuristic decomposition.
[2026-01-21 14:25:02,809][data.preprocessing.tree_decomposition][WARNING] - FlowCutter not found at 'flow_cutter_pace17'. Using fallback heuristic decomposition.
[2026-01-21 14:25:02,822][data.preprocessing.tree_decomposition][WARNING] - FlowCutter not found at 'flow_cutter_pace17'. Using fallback heuristic decomposition.
[2026-01-21 14:25:02,842][data.preprocessing.tree_decomposition][WARNING] - FlowCutter not found at 'flow_cutter_pace17'. Using fallback heuristic decomposition.
[2026-01-21 14:25:02,866][data.preprocessing.tree_decomposition][WARNING] - FlowCutter not found at 'flow_cutter_pace17'. Using fallback heuristic decomposition.
[2026-01-21 14:25:02,884][data.preprocessing.tree_decomposition][WARNING] - FlowCutter not found at 'flow_cutter_pace17'. Using fallback heuristic decomposition.
[2026-01-21 14:25:02,903][data.preprocessing.tree_decomposition][WARNING] - FlowCutter not found at 'flow_cutter_pace17'. Using fallback heuristic decomposition.
[2026-01-21 14:25:02,923][data.preprocessing.tree_decomposition][WARNING] - FlowCutter not found at 'flow_cutter_pace17'. Using fallback heuristic decomposition.
[2026-01-21 14:25:02,943][data.preprocessing.tree_decomposition][WARNING] - FlowCutter not found at 'flow_cutter_pace17'. Using fallback heuristic decomposition.
[2026-01-21 14:25:02,967][data.preprocessing.tree_decomposition][WARNING] - FlowCutter not found at 'flow_cutter_pace17'. Using fallback heuristic decomposition.
[2026-01-21 14:25:02,985][data.preprocessing.tree_decomposition][WARNING] - FlowCutter not found at 'flow_cutter_pace17'. Using fallback heuristic decomposition.
[2026-01-21 14:25:02,997][data.preprocessing.tree_decomposition][WARNING] - FlowCutter not found at 'flow_cutter_pace17'. Using fallback heuristic decomposition.
[2026-01-21 14:25:03,016][data.preprocessing.tree_decomposition][WARNING] - FlowCutter not found at 'flow_cutter_pace17'. Using fallback heuristic decomposition.
[2026-01-21 14:25:03,029][data.preprocessing.tree_decomposition][WARNING] - FlowCutter not found at 'flow_cutter_pace17'. Using fallback heuristic decomposition.
[2026-01-21 14:25:03,039][data.preprocessing.tree_decomposition][WARNING] - FlowCutter not found at 'flow_cutter_pace17'. Using fallback heuristic decomposition.
[2026-01-21 14:25:03,065][data.preprocessing.tree_decomposition][WARNING] - FlowCutter not found at 'flow_cutter_pace17'. Using fallback heuristic decomposition.
[2026-01-21 14:25:03,089][data.preprocessing.tree_decomposition][WARNING] - FlowCutter not found at 'flow_cutter_pace17'. Using fallback heuristic decomposition.
[2026-01-21 14:25:03,109][data.preprocessing.tree_decomposition][WARNING] - FlowCutter not found at 'flow_cutter_pace17'. Using fallback heuristic decomposition.
[2026-01-21 14:25:03,134][data.preprocessing.tree_decomposition][WARNING] - FlowCutter not found at 'flow_cutter_pace17'. Using fallback heuristic decomposition.
[2026-01-21 14:25:03,151][data.preprocessing.tree_decomposition][WARNING] - FlowCutter not found at 'flow_cutter_pace17'. Using fallback heuristic decomposition.
[2026-01-21 14:25:03,173][data.preprocessing.tree_decomposition][WARNING] - FlowCutter not found at 'flow_cutter_pace17'. Using fallback heuristic decomposition.
[2026-01-21 14:25:03,201][data.preprocessing.tree_decomposition][WARNING] - FlowCutter not found at 'flow_cutter_pace17'. Using fallback heuristic decomposition.
[2026-01-21 14:25:03,223][data.preprocessing.tree_decomposition][WARNING] - FlowCutter not found at 'flow_cutter_pace17'. Using fallback heuristic decomposition.
[2026-01-21 14:25:03,242][data.preprocessing.tree_decomposition][WARNING] - FlowCutter not found at 'flow_cutter_pace17'. Using fallback heuristic decomposition.
[2026-01-21 14:25:03,256][data.preprocessing.tree_decomposition][WARNING] - FlowCutter not found at 'flow_cutter_pace17'. Using fallback heuristic decomposition.
[2026-01-21 14:25:03,271][data.preprocessing.tree_decomposition][WARNING] - FlowCutter not found at 'flow_cutter_pace17'. Using fallback heuristic decomposition.
[2026-01-21 14:25:03,290][data.preprocessing.tree_decomposition][WARNING] - FlowCutter not found at 'flow_cutter_pace17'. Using fallback heuristic decomposition.
[2026-01-21 14:25:03,317][data.preprocessing.tree_decomposition][WARNING] - FlowCutter not found at 'flow_cutter_pace17'. Using fallback heuristic decomposition.
[2026-01-21 14:25:03,330][data.preprocessing.tree_decomposition][WARNING] - FlowCutter not found at 'flow_cutter_pace17'. Using fallback heuristic decomposition.
[2026-01-21 14:25:03,350][data.preprocessing.tree_decomposition][WARNING] - FlowCutter not found at 'flow_cutter_pace17'. Using fallback heuristic decomposition.
[2026-01-21 14:25:03,376][data.preprocessing.tree_decomposition][WARNING] - FlowCutter not found at 'flow_cutter_pace17'. Using fallback heuristic decomposition.
[2026-01-21 14:25:03,397][data.preprocessing.tree_decomposition][WARNING] - FlowCutter not found at 'flow_cutter_pace17'. Using fallback heuristic decomposition.
[2026-01-21 14:25:03,419][data.preprocessing.tree_decomposition][WARNING] - FlowCutter not found at 'flow_cutter_pace17'. Using fallback heuristic decomposition.
[2026-01-21 14:25:03,444][data.preprocessing.tree_decomposition][WARNING] - FlowCutter not found at 'flow_cutter_pace17'. Using fallback heuristic decomposition.
[2026-01-21 14:25:03,465][data.preprocessing.tree_decomposition][WARNING] - FlowCutter not found at 'flow_cutter_pace17'. Using fallback heuristic decomposition.
[2026-01-21 14:25:03,485][data.preprocessing.tree_decomposition][WARNING] - FlowCutter not found at 'flow_cutter_pace17'. Using fallback heuristic decomposition.
[2026-01-21 14:25:03,509][data.preprocessing.tree_decomposition][WARNING] - FlowCutter not found at 'flow_cutter_pace17'. Using fallback heuristic decomposition.
[2026-01-21 14:25:03,535][data.preprocessing.tree_decomposition][WARNING] - FlowCutter not found at 'flow_cutter_pace17'. Using fallback heuristic decomposition.
[2026-01-21 14:25:03,559][data.preprocessing.tree_decomposition][WARNING] - FlowCutter not found at 'flow_cutter_pace17'. Using fallback heuristic decomposition.
[2026-01-21 14:25:03,583][data.preprocessing.tree_decomposition][WARNING] - FlowCutter not found at 'flow_cutter_pace17'. Using fallback heuristic decomposition.
[2026-01-21 14:25:03,606][data.preprocessing.tree_decomposition][WARNING] - FlowCutter not found at 'flow_cutter_pace17'. Using fallback heuristic decomposition.
[2026-01-21 14:25:03,632][data.preprocessing.tree_decomposition][WARNING] - FlowCutter not found at 'flow_cutter_pace17'. Using fallback heuristic decomposition.
[2026-01-21 14:25:03,658][data.preprocessing.tree_decomposition][WARNING] - FlowCutter not found at 'flow_cutter_pace17'. Using fallback heuristic decomposition.
[2026-01-21 14:25:03,684][data.preprocessing.tree_decomposition][WARNING] - FlowCutter not found at 'flow_cutter_pace17'. Using fallback heuristic decomposition.
[2026-01-21 14:25:03,707][data.preprocessing.tree_decomposition][WARNING] - FlowCutter not found at 'flow_cutter_pace17'. Using fallback heuristic decomposition.
[2026-01-21 14:25:03,746][data.preprocessing.tree_decomposition][WARNING] - FlowCutter not found at 'flow_cutter_pace17'. Using fallback heuristic decomposition.
[2026-01-21 14:25:03,769][data.preprocessing.tree_decomposition][WARNING] - FlowCutter not found at 'flow_cutter_pace17'. Using fallback heuristic decomposition.
[2026-01-21 14:25:03,796][data.preprocessing.tree_decomposition][WARNING] - FlowCutter not found at 'flow_cutter_pace17'. Using fallback heuristic decomposition.
[2026-01-21 14:25:03,820][data.preprocessing.tree_decomposition][WARNING] - FlowCutter not found at 'flow_cutter_pace17'. Using fallback heuristic decomposition.
[2026-01-21 14:25:03,847][data.preprocessing.tree_decomposition][WARNING] - FlowCutter not found at 'flow_cutter_pace17'. Using fallback heuristic decomposition.
[2026-01-21 14:25:03,869][data.preprocessing.tree_decomposition][WARNING] - FlowCutter not found at 'flow_cutter_pace17'. Using fallback heuristic decomposition.
[2026-01-21 14:25:03,887][data.preprocessing.tree_decomposition][WARNING] - FlowCutter not found at 'flow_cutter_pace17'. Using fallback heuristic decomposition.
[2026-01-21 14:25:03,898][data.preprocessing.tree_decomposition][WARNING] - FlowCutter not found at 'flow_cutter_pace17'. Using fallback heuristic decomposition.
[2026-01-21 14:25:03,909][data.preprocessing.tree_decomposition][WARNING] - FlowCutter not found at 'flow_cutter_pace17'. Using fallback heuristic decomposition.
[2026-01-21 14:25:03,933][data.preprocessing.tree_decomposition][WARNING] - FlowCutter not found at 'flow_cutter_pace17'. Using fallback heuristic decomposition.
[2026-01-21 14:25:03,953][data.preprocessing.tree_decomposition][WARNING] - FlowCutter not found at 'flow_cutter_pace17'. Using fallback heuristic decomposition.
[2026-01-21 14:25:03,974][data.preprocessing.tree_decomposition][WARNING] - FlowCutter not found at 'flow_cutter_pace17'. Using fallback heuristic decomposition.
[2026-01-21 14:25:03,997][data.preprocessing.tree_decomposition][WARNING] - FlowCutter not found at 'flow_cutter_pace17'. Using fallback heuristic decomposition.
[2026-01-21 14:25:04,022][data.preprocessing.tree_decomposition][WARNING] - FlowCutter not found at 'flow_cutter_pace17'. Using fallback heuristic decomposition.
[2026-01-21 14:25:04,049][data.preprocessing.tree_decomposition][WARNING] - FlowCutter not found at 'flow_cutter_pace17'. Using fallback heuristic decomposition.
[2026-01-21 14:25:04,063][data.preprocessing.tree_decomposition][WARNING] - FlowCutter not found at 'flow_cutter_pace17'. Using fallback heuristic decomposition.
[2026-01-21 14:25:04,084][data.preprocessing.tree_decomposition][WARNING] - FlowCutter not found at 'flow_cutter_pace17'. Using fallback heuristic decomposition.
[2026-01-21 14:25:04,105][data.preprocessing.tree_decomposition][WARNING] - FlowCutter not found at 'flow_cutter_pace17'. Using fallback heuristic decomposition.
[2026-01-21 14:25:04,129][data.preprocessing.tree_decomposition][WARNING] - FlowCutter not found at 'flow_cutter_pace17'. Using fallback heuristic decomposition.
[2026-01-21 14:25:04,145][data.preprocessing.tree_decomposition][WARNING] - FlowCutter not found at 'flow_cutter_pace17'. Using fallback heuristic decomposition.
[2026-01-21 14:25:04,165][data.preprocessing.tree_decomposition][WARNING] - FlowCutter not found at 'flow_cutter_pace17'. Using fallback heuristic decomposition.
[2026-01-21 14:25:04,195][data.preprocessing.tree_decomposition][WARNING] - FlowCutter not found at 'flow_cutter_pace17'. Using fallback heuristic decomposition.
[2026-01-21 14:25:04,221][data.preprocessing.tree_decomposition][WARNING] - FlowCutter not found at 'flow_cutter_pace17'. Using fallback heuristic decomposition.
[2026-01-21 14:25:04,244][data.preprocessing.tree_decomposition][WARNING] - FlowCutter not found at 'flow_cutter_pace17'. Using fallback heuristic decomposition.
[2026-01-21 14:25:04,265][data.preprocessing.tree_decomposition][WARNING] - FlowCutter not found at 'flow_cutter_pace17'. Using fallback heuristic decomposition.
[2026-01-21 14:25:04,287][data.preprocessing.tree_decomposition][WARNING] - FlowCutter not found at 'flow_cutter_pace17'. Using fallback heuristic decomposition.
[2026-01-21 14:25:04,300][data.preprocessing.tree_decomposition][WARNING] - FlowCutter not found at 'flow_cutter_pace17'. Using fallback heuristic decomposition.
[2026-01-21 14:25:04,326][data.preprocessing.tree_decomposition][WARNING] - FlowCutter not found at 'flow_cutter_pace17'. Using fallback heuristic decomposition.
[2026-01-21 14:25:04,353][data.preprocessing.tree_decomposition][WARNING] - FlowCutter not found at 'flow_cutter_pace17'. Using fallback heuristic decomposition.
[2026-01-21 14:25:04,373][data.preprocessing.tree_decomposition][WARNING] - FlowCutter not found at 'flow_cutter_pace17'. Using fallback heuristic decomposition.
[2026-01-21 14:25:04,401][data.preprocessing.tree_decomposition][WARNING] - FlowCutter not found at 'flow_cutter_pace17'. Using fallback heuristic decomposition.
[2026-01-21 14:25:04,423][data.preprocessing.tree_decomposition][WARNING] - FlowCutter not found at 'flow_cutter_pace17'. Using fallback heuristic decomposition.
[2026-01-21 14:25:04,440][data.preprocessing.tree_decomposition][WARNING] - FlowCutter not found at 'flow_cutter_pace17'. Using fallback heuristic decomposition.
[2026-01-21 14:25:04,463][data.preprocessing.tree_decomposition][WARNING] - FlowCutter not found at 'flow_cutter_pace17'. Using fallback heuristic decomposition.
[2026-01-21 14:25:04,484][data.preprocessing.tree_decomposition][WARNING] - FlowCutter not found at 'flow_cutter_pace17'. Using fallback heuristic decomposition.
[2026-01-21 14:25:04,508][data.preprocessing.tree_decomposition][WARNING] - FlowCutter not found at 'flow_cutter_pace17'. Using fallback heuristic decomposition.
[2026-01-21 14:25:04,531][data.preprocessing.tree_decomposition][WARNING] - FlowCutter not found at 'flow_cutter_pace17'. Using fallback heuristic decomposition.
[2026-01-21 14:25:05,515][data.datasets.satlib_dataset][INFO] - Category rnd3sat: 200 valid instances
[2026-01-21 14:25:05,516][data.datasets.satlib_dataset][WARNING] - Category bms not found in data\satlib\raw
[2026-01-21 14:25:05,517][data.datasets.satlib_dataset][WARNING] - Category cbs not found in data\satlib\raw
[2026-01-21 14:25:05,517][data.datasets.satlib_dataset][WARNING] - Category gcp not found in data\satlib\raw
[2026-01-21 14:25:05,519][data.datasets.satlib_dataset][WARNING] - Category sw_gcp not found in data\satlib\raw
[2026-01-21 14:25:05,519][data.datasets.satlib_dataset][INFO] - Processing 40 files for val split
[2026-01-21 14:25:05,535][data.preprocessing.tree_decomposition][WARNING] - FlowCutter not found at 'flow_cutter_pace17'. Using fallback heuristic decomposition.
[2026-01-21 14:25:05,555][data.preprocessing.tree_decomposition][WARNING] - FlowCutter not found at 'flow_cutter_pace17'. Using fallback heuristic decomposition.
[2026-01-21 14:25:05,580][data.preprocessing.tree_decomposition][WARNING] - FlowCutter not found at 'flow_cutter_pace17'. Using fallback heuristic decomposition.
[2026-01-21 14:25:05,599][data.preprocessing.tree_decomposition][WARNING] - FlowCutter not found at 'flow_cutter_pace17'. Using fallback heuristic decomposition.
[2026-01-21 14:25:05,636][data.preprocessing.tree_decomposition][WARNING] - FlowCutter not found at 'flow_cutter_pace17'. Using fallback heuristic decomposition.
[2026-01-21 14:25:05,656][data.preprocessing.tree_decomposition][WARNING] - FlowCutter not found at 'flow_cutter_pace17'. Using fallback heuristic decomposition.
[2026-01-21 14:25:05,677][data.preprocessing.tree_decomposition][WARNING] - FlowCutter not found at 'flow_cutter_pace17'. Using fallback heuristic decomposition.
[2026-01-21 14:25:05,696][data.preprocessing.tree_decomposition][WARNING] - FlowCutter not found at 'flow_cutter_pace17'. Using fallback heuristic decomposition.
[2026-01-21 14:25:05,707][data.preprocessing.tree_decomposition][WARNING] - FlowCutter not found at 'flow_cutter_pace17'. Using fallback heuristic decomposition.
[2026-01-21 14:25:05,731][data.preprocessing.tree_decomposition][WARNING] - FlowCutter not found at 'flow_cutter_pace17'. Using fallback heuristic decomposition.
[2026-01-21 14:25:05,756][data.preprocessing.tree_decomposition][WARNING] - FlowCutter not found at 'flow_cutter_pace17'. Using fallback heuristic decomposition.
[2026-01-21 14:25:05,776][data.preprocessing.tree_decomposition][WARNING] - FlowCutter not found at 'flow_cutter_pace17'. Using fallback heuristic decomposition.
[2026-01-21 14:25:05,795][data.preprocessing.tree_decomposition][WARNING] - FlowCutter not found at 'flow_cutter_pace17'. Using fallback heuristic decomposition.
[2026-01-21 14:25:05,820][data.preprocessing.tree_decomposition][WARNING] - FlowCutter not found at 'flow_cutter_pace17'. Using fallback heuristic decomposition.
[2026-01-21 14:25:05,838][data.preprocessing.tree_decomposition][WARNING] - FlowCutter not found at 'flow_cutter_pace17'. Using fallback heuristic decomposition.
[2026-01-21 14:25:05,855][data.preprocessing.tree_decomposition][WARNING] - FlowCutter not found at 'flow_cutter_pace17'. Using fallback heuristic decomposition.
[2026-01-21 14:25:05,867][data.preprocessing.tree_decomposition][WARNING] - FlowCutter not found at 'flow_cutter_pace17'. Using fallback heuristic decomposition.
[2026-01-21 14:25:05,895][data.preprocessing.tree_decomposition][WARNING] - FlowCutter not found at 'flow_cutter_pace17'. Using fallback heuristic decomposition.
[2026-01-21 14:25:05,918][data.preprocessing.tree_decomposition][WARNING] - FlowCutter not found at 'flow_cutter_pace17'. Using fallback heuristic decomposition.
[2026-01-21 14:25:05,943][data.preprocessing.tree_decomposition][WARNING] - FlowCutter not found at 'flow_cutter_pace17'. Using fallback heuristic decomposition.
[2026-01-21 14:25:05,971][data.preprocessing.tree_decomposition][WARNING] - FlowCutter not found at 'flow_cutter_pace17'. Using fallback heuristic decomposition.
[2026-01-21 14:25:05,990][data.preprocessing.tree_decomposition][WARNING] - FlowCutter not found at 'flow_cutter_pace17'. Using fallback heuristic decomposition.
[2026-01-21 14:25:06,014][data.preprocessing.tree_decomposition][WARNING] - FlowCutter not found at 'flow_cutter_pace17'. Using fallback heuristic decomposition.
[2026-01-21 14:25:06,030][data.preprocessing.tree_decomposition][WARNING] - FlowCutter not found at 'flow_cutter_pace17'. Using fallback heuristic decomposition.
[2026-01-21 14:25:06,054][data.preprocessing.tree_decomposition][WARNING] - FlowCutter not found at 'flow_cutter_pace17'. Using fallback heuristic decomposition.
[2026-01-21 14:25:06,080][data.preprocessing.tree_decomposition][WARNING] - FlowCutter not found at 'flow_cutter_pace17'. Using fallback heuristic decomposition.
[2026-01-21 14:25:06,104][data.preprocessing.tree_decomposition][WARNING] - FlowCutter not found at 'flow_cutter_pace17'. Using fallback heuristic decomposition.
[2026-01-21 14:25:06,115][data.preprocessing.tree_decomposition][WARNING] - FlowCutter not found at 'flow_cutter_pace17'. Using fallback heuristic decomposition.
[2026-01-21 14:25:06,136][data.preprocessing.tree_decomposition][WARNING] - FlowCutter not found at 'flow_cutter_pace17'. Using fallback heuristic decomposition.
[2026-01-21 14:25:06,147][data.preprocessing.tree_decomposition][WARNING] - FlowCutter not found at 'flow_cutter_pace17'. Using fallback heuristic decomposition.
[2026-01-21 14:25:06,170][data.preprocessing.tree_decomposition][WARNING] - FlowCutter not found at 'flow_cutter_pace17'. Using fallback heuristic decomposition.
[2026-01-21 14:25:06,194][data.preprocessing.tree_decomposition][WARNING] - FlowCutter not found at 'flow_cutter_pace17'. Using fallback heuristic decomposition.
[2026-01-21 14:25:06,215][data.preprocessing.tree_decomposition][WARNING] - FlowCutter not found at 'flow_cutter_pace17'. Using fallback heuristic decomposition.
[2026-01-21 14:25:06,240][data.preprocessing.tree_decomposition][WARNING] - FlowCutter not found at 'flow_cutter_pace17'. Using fallback heuristic decomposition.
[2026-01-21 14:25:06,266][data.preprocessing.tree_decomposition][WARNING] - FlowCutter not found at 'flow_cutter_pace17'. Using fallback heuristic decomposition.
[2026-01-21 14:25:06,283][data.preprocessing.tree_decomposition][WARNING] - FlowCutter not found at 'flow_cutter_pace17'. Using fallback heuristic decomposition.
[2026-01-21 14:25:06,304][data.preprocessing.tree_decomposition][WARNING] - FlowCutter not found at 'flow_cutter_pace17'. Using fallback heuristic decomposition.
[2026-01-21 14:25:06,328][data.preprocessing.tree_decomposition][WARNING] - FlowCutter not found at 'flow_cutter_pace17'. Using fallback heuristic decomposition.
[2026-01-21 14:25:06,348][data.preprocessing.tree_decomposition][WARNING] - FlowCutter not found at 'flow_cutter_pace17'. Using fallback heuristic decomposition.
[2026-01-21 14:25:06,371][data.preprocessing.tree_decomposition][WARNING] - FlowCutter not found at 'flow_cutter_pace17'. Using fallback heuristic decomposition.
[2026-01-21 14:25:07,202][data.datasets.satlib_dataset][INFO] - Category rnd3sat: 200 valid instances
[2026-01-21 14:25:07,204][data.datasets.satlib_dataset][WARNING] - Category bms not found in data\satlib\raw
[2026-01-21 14:25:07,206][data.datasets.satlib_dataset][WARNING] - Category cbs not found in data\satlib\raw
[2026-01-21 14:25:07,207][data.datasets.satlib_dataset][WARNING] - Category gcp not found in data\satlib\raw
[2026-01-21 14:25:07,210][data.datasets.satlib_dataset][WARNING] - Category sw_gcp not found in data\satlib\raw
[2026-01-21 14:25:07,211][data.datasets.satlib_dataset][INFO] - Processing 40 files for test split
[2026-01-21 14:25:07,234][data.preprocessing.tree_decomposition][WARNING] - FlowCutter not found at 'flow_cutter_pace17'. Using fallback heuristic decomposition.
[2026-01-21 14:25:07,261][data.preprocessing.tree_decomposition][WARNING] - FlowCutter not found at 'flow_cutter_pace17'. Using fallback heuristic decomposition.
[2026-01-21 14:25:07,286][data.preprocessing.tree_decomposition][WARNING] - FlowCutter not found at 'flow_cutter_pace17'. Using fallback heuristic decomposition.
[2026-01-21 14:25:07,296][data.preprocessing.tree_decomposition][WARNING] - FlowCutter not found at 'flow_cutter_pace17'. Using fallback heuristic decomposition.
[2026-01-21 14:25:07,315][data.preprocessing.tree_decomposition][WARNING] - FlowCutter not found at 'flow_cutter_pace17'. Using fallback heuristic decomposition.
[2026-01-21 14:25:07,341][data.preprocessing.tree_decomposition][WARNING] - FlowCutter not found at 'flow_cutter_pace17'. Using fallback heuristic decomposition.
[2026-01-21 14:25:07,376][data.preprocessing.tree_decomposition][WARNING] - FlowCutter not found at 'flow_cutter_pace17'. Using fallback heuristic decomposition.
[2026-01-21 14:25:07,404][data.preprocessing.tree_decomposition][WARNING] - FlowCutter not found at 'flow_cutter_pace17'. Using fallback heuristic decomposition.
[2026-01-21 14:25:07,434][data.preprocessing.tree_decomposition][WARNING] - FlowCutter not found at 'flow_cutter_pace17'. Using fallback heuristic decomposition.
[2026-01-21 14:25:07,447][data.preprocessing.tree_decomposition][WARNING] - FlowCutter not found at 'flow_cutter_pace17'. Using fallback heuristic decomposition.
[2026-01-21 14:25:07,478][data.preprocessing.tree_decomposition][WARNING] - FlowCutter not found at 'flow_cutter_pace17'. Using fallback heuristic decomposition.
[2026-01-21 14:25:07,503][data.preprocessing.tree_decomposition][WARNING] - FlowCutter not found at 'flow_cutter_pace17'. Using fallback heuristic decomposition.
[2026-01-21 14:25:07,525][data.preprocessing.tree_decomposition][WARNING] - FlowCutter not found at 'flow_cutter_pace17'. Using fallback heuristic decomposition.
[2026-01-21 14:25:07,553][data.preprocessing.tree_decomposition][WARNING] - FlowCutter not found at 'flow_cutter_pace17'. Using fallback heuristic decomposition.
[2026-01-21 14:25:07,585][data.preprocessing.tree_decomposition][WARNING] - FlowCutter not found at 'flow_cutter_pace17'. Using fallback heuristic decomposition.
[2026-01-21 14:25:07,604][data.preprocessing.tree_decomposition][WARNING] - FlowCutter not found at 'flow_cutter_pace17'. Using fallback heuristic decomposition.
[2026-01-21 14:25:07,631][data.preprocessing.tree_decomposition][WARNING] - FlowCutter not found at 'flow_cutter_pace17'. Using fallback heuristic decomposition.
[2026-01-21 14:25:07,659][data.preprocessing.tree_decomposition][WARNING] - FlowCutter not found at 'flow_cutter_pace17'. Using fallback heuristic decomposition.
[2026-01-21 14:25:07,688][data.preprocessing.tree_decomposition][WARNING] - FlowCutter not found at 'flow_cutter_pace17'. Using fallback heuristic decomposition.
[2026-01-21 14:25:07,707][data.preprocessing.tree_decomposition][WARNING] - FlowCutter not found at 'flow_cutter_pace17'. Using fallback heuristic decomposition.
[2026-01-21 14:25:07,731][data.preprocessing.tree_decomposition][WARNING] - FlowCutter not found at 'flow_cutter_pace17'. Using fallback heuristic decomposition.
[2026-01-21 14:25:07,751][data.preprocessing.tree_decomposition][WARNING] - FlowCutter not found at 'flow_cutter_pace17'. Using fallback heuristic decomposition.
[2026-01-21 14:25:07,768][data.preprocessing.tree_decomposition][WARNING] - FlowCutter not found at 'flow_cutter_pace17'. Using fallback heuristic decomposition.
[2026-01-21 14:25:07,790][data.preprocessing.tree_decomposition][WARNING] - FlowCutter not found at 'flow_cutter_pace17'. Using fallback heuristic decomposition.
[2026-01-21 14:25:07,817][data.preprocessing.tree_decomposition][WARNING] - FlowCutter not found at 'flow_cutter_pace17'. Using fallback heuristic decomposition.
[2026-01-21 14:25:07,840][data.preprocessing.tree_decomposition][WARNING] - FlowCutter not found at 'flow_cutter_pace17'. Using fallback heuristic decomposition.
[2026-01-21 14:25:07,864][data.preprocessing.tree_decomposition][WARNING] - FlowCutter not found at 'flow_cutter_pace17'. Using fallback heuristic decomposition.
[2026-01-21 14:25:07,889][data.preprocessing.tree_decomposition][WARNING] - FlowCutter not found at 'flow_cutter_pace17'. Using fallback heuristic decomposition.
[2026-01-21 14:25:07,905][data.preprocessing.tree_decomposition][WARNING] - FlowCutter not found at 'flow_cutter_pace17'. Using fallback heuristic decomposition.
[2026-01-21 14:25:07,930][data.preprocessing.tree_decomposition][WARNING] - FlowCutter not found at 'flow_cutter_pace17'. Using fallback heuristic decomposition.
[2026-01-21 14:25:07,949][data.preprocessing.tree_decomposition][WARNING] - FlowCutter not found at 'flow_cutter_pace17'. Using fallback heuristic decomposition.
[2026-01-21 14:25:07,970][data.preprocessing.tree_decomposition][WARNING] - FlowCutter not found at 'flow_cutter_pace17'. Using fallback heuristic decomposition.
[2026-01-21 14:25:07,991][data.preprocessing.tree_decomposition][WARNING] - FlowCutter not found at 'flow_cutter_pace17'. Using fallback heuristic decomposition.
[2026-01-21 14:25:08,010][data.preprocessing.tree_decomposition][WARNING] - FlowCutter not found at 'flow_cutter_pace17'. Using fallback heuristic decomposition.
[2026-01-21 14:25:08,038][data.preprocessing.tree_decomposition][WARNING] - FlowCutter not found at 'flow_cutter_pace17'. Using fallback heuristic decomposition.
[2026-01-21 14:25:08,059][data.preprocessing.tree_decomposition][WARNING] - FlowCutter not found at 'flow_cutter_pace17'. Using fallback heuristic decomposition.
[2026-01-21 14:25:08,087][data.preprocessing.tree_decomposition][WARNING] - FlowCutter not found at 'flow_cutter_pace17'. Using fallback heuristic decomposition.
[2026-01-21 14:25:08,099][data.preprocessing.tree_decomposition][WARNING] - FlowCutter not found at 'flow_cutter_pace17'. Using fallback heuristic decomposition.
[2026-01-21 14:25:08,124][data.preprocessing.tree_decomposition][WARNING] - FlowCutter not found at 'flow_cutter_pace17'. Using fallback heuristic decomposition.
[2026-01-21 14:25:08,151][data.preprocessing.tree_decomposition][WARNING] - FlowCutter not found at 'flow_cutter_pace17'. Using fallback heuristic decomposition.
[2026-01-21 14:25:08,247][__main__][INFO] - Dataset sizes - Train: 120, Val: 40, Test: 40
[2026-01-21 14:25:08,258][__main__][INFO] - Model created with 37073 parameters
[2026-01-21 14:25:08,278][__main__][INFO] - Starting training...
